mode: atomic
github.com/mmiranda/cfdtunnel/main.go:39.13,42.2 2 1
github.com/mmiranda/cfdtunnel/main.go:44.13,50.16 4 0
github.com/mmiranda/cfdtunnel/main.go:54.2,56.16 2 0
github.com/mmiranda/cfdtunnel/main.go:60.2,65.18 4 0
github.com/mmiranda/cfdtunnel/main.go:50.16,52.3 1 0
github.com/mmiranda/cfdtunnel/main.go:56.16,58.3 1 0
github.com/mmiranda/cfdtunnel/main.go:68.33,71.43 2 2
github.com/mmiranda/cfdtunnel/main.go:71.43,73.3 1 0
github.com/mmiranda/cfdtunnel/main.go:76.36,78.42 2 0
github.com/mmiranda/cfdtunnel/main.go:82.2,84.17 2 0
github.com/mmiranda/cfdtunnel/main.go:87.2,87.30 1 0
github.com/mmiranda/cfdtunnel/main.go:78.42,80.3 1 0
github.com/mmiranda/cfdtunnel/main.go:84.17,86.3 1 0
github.com/mmiranda/cfdtunnel/main.go:91.59,95.16 2 5
github.com/mmiranda/cfdtunnel/main.go:99.2,101.8 1 4
github.com/mmiranda/cfdtunnel/main.go:95.16,97.3 1 1
github.com/mmiranda/cfdtunnel/main.go:104.60,114.16 5 3
github.com/mmiranda/cfdtunnel/main.go:118.2,120.12 2 3
github.com/mmiranda/cfdtunnel/main.go:114.16,116.3 1 0
github.com/mmiranda/cfdtunnel/main.go:123.75,127.16 2 3
github.com/mmiranda/cfdtunnel/main.go:132.2,134.61 2 2
github.com/mmiranda/cfdtunnel/main.go:141.2,144.8 1 2
github.com/mmiranda/cfdtunnel/main.go:127.16,130.3 2 1
github.com/mmiranda/cfdtunnel/main.go:134.61,135.21 1 2
github.com/mmiranda/cfdtunnel/main.go:138.3,138.14 1 1
github.com/mmiranda/cfdtunnel/main.go:135.21,137.4 1 1
github.com/mmiranda/cfdtunnel/main.go:147.45,151.2 2 3
github.com/mmiranda/cfdtunnel/main.go:153.32,160.14 5 1
github.com/mmiranda/cfdtunnel/main.go:165.2,165.12 1 1
github.com/mmiranda/cfdtunnel/main.go:169.2,169.20 1 1
github.com/mmiranda/cfdtunnel/main.go:175.2,181.3 2 1
github.com/mmiranda/cfdtunnel/main.go:160.14,163.3 2 0
github.com/mmiranda/cfdtunnel/main.go:165.12,167.3 1 0
github.com/mmiranda/cfdtunnel/main.go:169.20,173.3 3 0
github.com/mmiranda/cfdtunnel/main.go:184.49,186.16 2 2
github.com/mmiranda/cfdtunnel/main.go:191.2,191.13 1 1
github.com/mmiranda/cfdtunnel/main.go:186.16,189.3 2 1
